Starting log generator, sending logs to http://localhost:8001/api/logs
Sent log: ERROR - system - API request to /api/user/profile failed with statu...
Sent log: WARNING - cache_service - Memory usage at 92%...
Sent log: INFO - task_scheduler - Cache refreshed for market_data module...
Sent log: DEBUG - task_scheduler - Detailed timing breakdown: {'db': '48ms', 'process...
Sent log: INFO - order_manager - User session sess_62354 refreshed...
Sent log: DEBUG - order_manager - API request payload: {'method': 'GET', 'headers': ...
Sent log: INFO - data_processor - Synchronization completed with 891 updated items...
Sent log: INFO - cache_service - Synchronization completed with 165 updated items...
Sent log: WARNING - network_io - User user_2398 made 130 failed login attempts...
Sent log: INFO - price_feed - Market data feed for JPM updated...
Sent log: INFO - cache_service - Cache refreshed for api_gateway module...
Sent log: WARNING - system - Retrying connection to redis, attempt 4 of 5...
Sent log: INFO - user_interface - Successfully processed 445 records...
Sent log: WARNING - cache_service - User user_4381 made 676 failed login attempts...
Sent log: DEBUG - security_monitor - Environment variables: {'DEBUG': 'False', 'LOG_LEV...
Sent log: INFO - data_processor - Data feed connection healthy, latency 877ms...
Sent log: ERROR - price_feed - Failed to connect to reporting after 5 attempts...
Sent log: WARNING - database - Network latency with user_service exceeds normal t...
Sent log: WARNING - authentication - Memory usage at 66%...
Sent log: INFO - order_manager - Configuration loaded successfully...
Sent log: ERROR - price_feed - API request to /api/reports/generate failed with s...
Sent log: WARNING - network_io - User user_5921 made 196 failed login attempts...
Sent log: INFO - database - Connected to database service...
Sent log: WARNING - task_scheduler - Rate limit approaching for analytics API: 832/858...
Sent log: INFO - security_monitor - Data feed connection healthy, latency 998ms...
Sent log: ERROR - system - Connection timeout with reporting after 53s...
Sent log: INFO - market_api - Processed request from admin_panel in 1305ms...
Sent log: INFO - network_io - User user_7837 logged in from 157.168.227.94...
Sent log: WARNING - task_scheduler - Network latency with api_gateway exceeds normal th...
Sent log: INFO - authentication - Successfully queried database in 577ms...
Sent log: WARNING - cache_service - Retrying connection to analytics, attempt 4 of 5...
Sent log: INFO - task_scheduler - New data available for NVDA...
Sent log: INFO - cache_service - Memory usage at 68%, within normal parameters...
Sent log: ERROR - data_processor - Failed to connect to redis after 4 attempts...
Sent log: WARNING - authentication - CPU usage spike: 99%...
Sent log: ERROR - price_feed - Data processing pipeline failed at stage extractio...
Sent log: INFO - system - Processed request from api in 877ms...
Sent log: INFO - network_io - Configuration loaded successfully...
Sent log: WARNING - market_api - Retrying connection to mongodb, attempt 2 of 5...
Sent log: INFO - data_processor - Processed request from internal_service in 1136ms...
Sent log: INFO - task_scheduler - Successfully queried auth in 1281ms...
Sent log: INFO - market_api - Data feed connection healthy, latency 801ms...
